Arguments: 
  C:\Program Files\nodejs\node.exe C:\laragon\bin\yarn\bin\yarn.js add controles

PATH: 
  C:\Users\Robert leigh\bin;C:\Program Files\Git\mingw64\bin;C:\Program Files\Git\usr\local\bin;C:\Program Files\Git\usr\bin;C:\Program Files\Git\usr\bin;C:\Program Files\Git\mingw64\bin;C:\Program Files\Git\usr\bin;C:\Users\Robert leigh\bin;C:\Program Files (x86)\Intel\iCLS Client;C:\Program Files\Intel\iCLS Client;C:\WINDOWS\system32;C:\WINDOWS;C:\WINDOWS\System32\Wbem;C:\WINDOWS\System32\WindowsPowerShell\v1.0;C:\Program Files (x86)\Intel\Intel(R) Management Engine Components\DAL;C:\Program Files\Intel\Intel(R) Management Engine Components\DAL;C:\Program Files (x86)\Intel\Intel(R) Management Engine Components\IPT;C:\Program Files\Intel\Intel(R) Management Engine Components\IPT;C:\ProgramData\chocolatey\bin;C:\Program Files\Git\cmd;C:\Program Files\Git\mingw64\bin;C:\Program Files\Git\usr\bin;C:\Program Files\nodejs;C:\laragon\bin\php\php-7.1.7-Win32-VC14-x64;C:\ProgramData\ComposerSetup\bin;C:\Users\Robert leigh\AppData\Roaming\npm;C:\laragon\bin\php\php-7.1.12-Win32-VC14-x64;C:\laragon\bin;C:\laragon\bin\apache\httpd-2.4.27-win64-VC14\bin;C:\laragon\bin\composer;C:\laragon\bin\git\bin;C:\laragon\bin\git\cmd;C:\laragon\bin\git\mingw64\bin;C:\laragon\bin\git\usr\bin;C:\laragon\bin\laragon\utils;C:\laragon\bin\mysql\mysql-5.7.19-winx64\bin;C:\laragon\bin\nginx\nginx-1.12.0;C:\laragon\bin\ngrok;C:\laragon\bin\nodejs\node-v8;C:\laragon\bin\notepad++;C:\laragon\bin\php\php-7.1.12-Win32-VC14-x64;C:\laragon\bin\putty;C:\laragon\bin\redis\redis-x64-3.2.100;C:\laragon\bin\telnet;C:\laragon\bin\yarn\bin;C:\laragon\usr\bin;C:\Users\Robert leigh\AppData\Local\Yarn\config\global\node_modules\.bin;C:\Users\Robert leigh\AppData\Roaming\Composer\vendor\bin;C:\Users\Robert leigh\AppData\Roaming\npm;C:\Users\Robert leigh\AppData\Local\Microsoft\WindowsApps;C:\Program Files\Microsoft VS Code\bin;C:\Program Files\Git\usr\bin\vendor_perl;C:\Program Files\Git\usr\bin\core_perl

Yarn version: 
  1.0.2

Node version: 
  8.9.3

Platform: 
  win32 x64

npm manifest: 
  {
    "name": "testphp",
    "version": "1.0.0",
    "description": "",
    "main": "index.js",
    "scripts": {
      "test": "echo \"Error: no test specified\" && exit 1"
    },
    "repository": {
      "type": "git",
      "url": "git+https://github.com/emotard/dragdrop.git"
    },
    "keywords": [],
    "author": "",
    "license": "ISC",
    "bugs": {
      "url": "https://github.com/emotard/dragdrop/issues"
    },
    "homepage": "https://github.com/emotard/dragdrop#readme",
    "dependencies": {
      "init": "^0.1.2"
    }
  }

yarn manifest: 
  No manifest

Lockfile: 
  # THIS IS AN AUTOGENERATED FILE. DO NOT EDIT THIS FILE DIRECTLY.
  # yarn lockfile v1
  
  
  daemon@>=0.3.0:
    version "1.1.0"
    resolved "https://registry.yarnpkg.com/daemon/-/daemon-1.1.0.tgz#6c5102c81db0be856fc9008fc2c935b398864ae8"
  
  init@^0.1.2:
    version "0.1.2"
    resolved "https://registry.yarnpkg.com/init/-/init-0.1.2.tgz#9882ac152707bccba7fe2207c8df8050875c1504"
    dependencies:
      daemon ">=0.3.0"

Trace: 
  Error: https://registry.yarnpkg.com/controles: Not found
      at Request.params.callback [as _callback] (C:\laragon\bin\yarn\lib\cli.js:60302:18)
      at Request.self.callback (C:\laragon\bin\yarn\lib\cli.js:117370:22)
      at emitTwo (events.js:126:13)
      at Request.emit (events.js:214:7)
      at Request.<anonymous> (C:\laragon\bin\yarn\lib\cli.js:118353:10)
      at emitOne (events.js:116:13)
      at Request.emit (events.js:211:7)
      at IncomingMessage.<anonymous> (C:\laragon\bin\yarn\lib\cli.js:118273:12)
      at Object.onceWrapper (events.js:313:30)
      at emitNone (events.js:111:20)
